<?xml version="1.0" encoding="UTF-8"?>
<!-- Generated by org.testng.reporters.JUnitXMLReporter -->
<testsuite ignored="0" hostname="SandeePooja" failures="0" tests="3" name="Default test" time="0.052" errors="0" timestamp="2025-02-27T10:05:57 EST">
  <testcase classname="testNG.SampleTest" name="createCustomer" time="0.008"/>
  <testcase classname="testNG.SampleTest" name="deleteCustomer" time="0.002"/>
  <testcase classname="testNG.SampleTest" name="modifyCustomer" time="0.001"/>
</testsuite> <!-- Default test -->
