<?xml version="1.0" encoding="UTF-8"?>
<!-- Generated by org.testng.reporters.JUnitXMLReporter -->
<testsuite ignored="4" hostname="SandeePooja" failures="0" tests="0" time="0.007" errors="0" timestamp="2025-02-27T10:10:04 EST">
  <testcase classname="testNG.SampleTest" name="createCustomer" time="0.0">
    <ignored/>
  </testcase> <!-- createCustomer -->
  <testcase classname="testNG.SampleTest" name="modifyCustomer" time="0.0">
    <ignored/>
  </testcase> <!-- modifyCustomer -->
  <testcase classname="testNG.DataProviderPractice" name="addPhoneTOCart" time="0.0">
    <ignored/>
  </testcase> <!-- addPhoneTOCart -->
  <testcase classname="testNG.SampleTest" name="deleteCustomer" time="0.0">
    <ignored/>
  </testcase> <!-- deleteCustomer -->
</testsuite>
